ERROR test.base.BaseTest - Test case failed: Expected condition failed: waiting for element to be clickable: Proxy element for: DefaultElementLocator 'By.xpath: //android.widget.TextView[@content-desc='Controls']' (tried for 15 second(s) with 500 milliseconds interval)
INFO  test.base.RetryAnalyzer - Attempting retry for test: testApiDemoLightThemeInteraction, Current retry count: 0, Test status: FAILURE
INFO  test.base.RetryAnalyzer - Retrying test: testApiDemoLightThemeInteraction for the 1 time.
INFO  test.base.BaseTest - Quitting the session and closing app...
INFO  test.base.BaseTest - Appium Server stopped.
INFO  test.base.BaseTest - Preparing to launch the app...
INFO  test.base.BaseTest - Appium Server started programmatically...
INFO  test.base.BaseTest - Launching app with sessionId : cf883443-68e9-47a8-b617-77044fc8df06
ERROR pomPages.BaseScreen - Failed to click on 'Controls': Expected condition failed: waiting for element to be clickable: Proxy element for: DefaultElementLocator 'By.xpath: //android.widget.TextView[@content-desc='Controls']' (tried for 15 second(s) with 500 milliseconds interval)
ERROR test.base.BaseTest - Test case failed: Expected condition failed: waiting for element to be clickable: Proxy element for: DefaultElementLocator 'By.xpath: //android.widget.TextView[@content-desc='Controls']' (tried for 15 second(s) with 500 milliseconds interval)
INFO  test.base.RetryAnalyzer - Attempting retry for test: testApiDemoLightThemeInteraction, Current retry count: 1, Test status: FAILURE
INFO  test.base.RetryAnalyzer - Test: testApiDemoLightThemeInteraction reached max retry count. Marking as failed.
INFO  test.base.BaseTest - Screenshot taken: Screenshots/testApiDemoLightThemeInteraction_13-10-2024_07.44.07 pm.png
INFO  test.base.BaseTest - Quitting the session and closing app...
INFO  test.base.BaseTest - Appium Server stopped.
INFO  test.base.BaseTest - Preparing to launch the app...
INFO  test.base.BaseTest - Appium Server started programmatically...
INFO  test.base.BaseTest - Launching app with sessionId : 13277e16-4231-4092-ac77-48b14e988b2d
INFO  pomPages.BaseScreen - Clicked on 'Views'
INFO  test.base.BaseTest - performed vertical scroll
INFO  test.base.BaseTest - Quitting the session and closing app...
INFO  test.base.BaseTest - Appium Server stopped.
