10:39:48.808 [main] INFO  test.base.BaseTest - Preparing to launch the app...
10:39:48.822 [main] ERROR test.base.BaseTest - Appium Server not started programmatically...
10:39:58.944 [main] INFO  test.base.BaseTest - Launching app with sessionId : bc79431f-ef5e-4637-9c0e-44832425c552
10:40:01.332 [main] INFO  pomPages.BaseScreen - Clicked on 'Views'
10:40:02.897 [main] INFO  pomPages.BaseScreen - Clicked on 'Animation'
10:40:04.428 [main] INFO  pomPages.BaseScreen - Clicked on 'Push'
10:40:09.475 [main] INFO  pomPages.BaseScreen - Clicked on 'Animation'
10:40:09.823 [main] INFO  pomPages.BaseScreen - Clicked on 'Layout Animations'
10:40:15.622 [main] INFO  pomPages.BaseScreen - Clicked on 'Views'
10:40:17.467 [main] INFO  pomPages.BaseScreen - Clicked on 'Controls'
10:40:19.206 [main] INFO  pomPages.BaseScreen - Clicked on 'Light Theme' under Controls
10:40:20.150 [main] INFO  pomPages.BaseScreen - Entered text into the Light Theme input field: Hello World
10:40:20.159 [main] INFO  test.base.BaseTest - Quitting the session and closing app...
INFO  test.base.BaseTest - Preparing to launch the app...
ERROR test.base.BaseTest - Appium Server not started programmatically...
INFO  test.base.BaseTest - Launching app with sessionId : 3c209c0a-e4de-442d-bee3-7f6dbe075104
INFO  pomPages.BaseScreen - Clicked on 'Views'
INFO  pomPages.BaseScreen - Clicked on 'Animation'
INFO  pomPages.BaseScreen - Clicked on 'Push'
INFO  pomPages.BaseScreen - Clicked on 'Animation'
INFO  pomPages.BaseScreen - Clicked on 'Layout Animations'
INFO  pomPages.BaseScreen - Clicked on 'Views'
INFO  pomPages.BaseScreen - Clicked on 'Controls'
INFO  pomPages.BaseScreen - Clicked on 'Light Theme' under Controls
INFO  pomPages.BaseScreen - Entered text into the Light Theme input field: Hello World
INFO  test.base.BaseTest - Quitting the session and closing app...
INFO  test.base.BaseTest - Preparing to launch the app...
ERROR test.base.BaseTest - Appium Server not started programmatically...
INFO  test.base.BaseTest - Launching app with sessionId : 6e492a57-cfb0-42fb-88c6-5a3421f9f577
INFO  pomPages.BaseScreen - Clicked on 'Views'
INFO  pomPages.BaseScreen - Clicked on 'Animation'
INFO  pomPages.BaseScreen - Clicked on 'Push'
INFO  pomPages.BaseScreen - Clicked on 'Animation'
INFO  pomPages.BaseScreen - Clicked on 'Layout Animations'
INFO  pomPages.BaseScreen - Clicked on 'Views'
INFO  pomPages.BaseScreen - Clicked on 'Controls'
INFO  pomPages.BaseScreen - Clicked on 'Light Theme' under Controls
INFO  pomPages.BaseScreen - Entered text into the Light Theme input field: Hello World
INFO  test.base.BaseTest - Quitting the session and closing app...
INFO  test.base.BaseTest - Preparing to launch the app...
ERROR test.base.BaseTest - Appium Server not started programmatically...
INFO  test.base.BaseTest - Launching app with sessionId : 56330c01-867e-4148-9735-a258a37750c6
INFO  pomPages.BaseScreen - Clicked on 'Views'
ERROR pomPages.BaseScreen - Failed to click on 'Push': An element could not be located on the page using the given search parameters.
For documentation on this error, please visit: https://www.selenium.dev/documentation/webdriver/troubleshooting/errors#no-such-element-exception
Build info: version: '4.25.0', revision: '8a8aea2337'
System info: os.name: 'Windows 11', os.arch: 'amd64', os.version: '10.0', java.version: '17.0.10'
Driver info: io.appium.java_client.android.AndroidDriver
Command: [56330c01-867e-4148-9735-a258a37750c6, findElement {using=xpath, value=//android.widget.TextView[@text='Push']}]
Capabilities {appium:appActivity: io.appium.android.apis.ApiD..., appium:appPackage: io.appium.android.apis, appium:automationName: uiautomator2, appium:databaseEnabled: false, appium:desired: {appActivity: io.appium.android.apis.ApiD..., appPackage: io.appium.android.apis, automationName: uiautomator2, deviceName: SM-M145F, platformName: ANDROID, udid: 192.168.241.190:35583}, appium:deviceApiLevel: 34, appium:deviceManufacturer: samsung, appium:deviceModel: SM-M145F, appium:deviceName: 192.168.241.190:35583, appium:deviceScreenDensity: 450, appium:deviceScreenSize: 1080x2400, appium:deviceUDID: 192.168.241.190:35583, appium:javascriptEnabled: true, appium:locationContextEnabled: false, appium:networkConnectionEnabled: true, appium:pixelRatio: 2.8125, appium:platformVersion: 14, appium:statBarHeight: 73, appium:takesScreenshot: true, appium:udid: 192.168.241.190:35583, appium:viewportRect: {height: 2327, left: 0, top: 73, width: 1080}, appium:warnings: {}, appium:webStorageEnabled: false, platformName: ANDROID}
Session ID: 56330c01-867e-4148-9735-a258a37750c6
ERROR pomPages.BaseScreen - Failed to click on 'Animation': An element could not be located on the page using the given search parameters.
For documentation on this error, please visit: https://www.selenium.dev/documentation/webdriver/troubleshooting/errors#no-such-element-exception
Build info: version: '4.25.0', revision: '8a8aea2337'
System info: os.name: 'Windows 11', os.arch: 'amd64', os.version: '10.0', java.version: '17.0.10'
Driver info: io.appium.java_client.android.AndroidDriver
Command: [56330c01-867e-4148-9735-a258a37750c6, findElement {using=xpath, value=//android.widget.TextView[@content-desc='Animation']}]
Capabilities {appium:appActivity: io.appium.android.apis.ApiD..., appium:appPackage: io.appium.android.apis, appium:automationName: uiautomator2, appium:databaseEnabled: false, appium:desired: {appActivity: io.appium.android.apis.ApiD..., appPackage: io.appium.android.apis, automationName: uiautomator2, deviceName: SM-M145F, platformName: ANDROID, udid: 192.168.241.190:35583}, appium:deviceApiLevel: 34, appium:deviceManufacturer: samsung, appium:deviceModel: SM-M145F, appium:deviceName: 192.168.241.190:35583, appium:deviceScreenDensity: 450, appium:deviceScreenSize: 1080x2400, appium:deviceUDID: 192.168.241.190:35583, appium:javascriptEnabled: true, appium:locationContextEnabled: false, appium:networkConnectionEnabled: true, appium:pixelRatio: 2.8125, appium:platformVersion: 14, appium:statBarHeight: 73, appium:takesScreenshot: true, appium:udid: 192.168.241.190:35583, appium:viewportRect: {height: 2327, left: 0, top: 73, width: 1080}, appium:warnings: {}, appium:webStorageEnabled: false, platformName: ANDROID}
Session ID: 56330c01-867e-4148-9735-a258a37750c6
ERROR pomPages.BaseScreen - Failed to click on 'Layout Animations': An element could not be located on the page using the given search parameters.
For documentation on this error, please visit: https://www.selenium.dev/documentation/webdriver/troubleshooting/errors#no-such-element-exception
Build info: version: '4.25.0', revision: '8a8aea2337'
System info: os.name: 'Windows 11', os.arch: 'amd64', os.version: '10.0', java.version: '17.0.10'
Driver info: io.appium.java_client.android.AndroidDriver
Command: [56330c01-867e-4148-9735-a258a37750c6, findElement {using=xpath, value=//android.widget.TextView[@content-desc='Layout Animations']}]
Capabilities {appium:appActivity: io.appium.android.apis.ApiD..., appium:appPackage: io.appium.android.apis, appium:automationName: uiautomator2, appium:databaseEnabled: false, appium:desired: {appActivity: io.appium.android.apis.ApiD..., appPackage: io.appium.android.apis, automationName: uiautomator2, deviceName: SM-M145F, platformName: ANDROID, udid: 192.168.241.190:35583}, appium:deviceApiLevel: 34, appium:deviceManufacturer: samsung, appium:deviceModel: SM-M145F, appium:deviceName: 192.168.241.190:35583, appium:deviceScreenDensity: 450, appium:deviceScreenSize: 1080x2400, appium:deviceUDID: 192.168.241.190:35583, appium:javascriptEnabled: true, appium:locationContextEnabled: false, appium:networkConnectionEnabled: true, appium:pixelRatio: 2.8125, appium:platformVersion: 14, appium:statBarHeight: 73, appium:takesScreenshot: true, appium:udid: 192.168.241.190:35583, appium:viewportRect: {height: 2327, left: 0, top: 73, width: 1080}, appium:warnings: {}, appium:webStorageEnabled: false, platformName: ANDROID}
Session ID: 56330c01-867e-4148-9735-a258a37750c6
ERROR pomPages.BaseScreen - Failed to click on 'Views': An element could not be located on the page using the given search parameters.
For documentation on this error, please visit: https://www.selenium.dev/documentation/webdriver/troubleshooting/errors#no-such-element-exception
Build info: version: '4.25.0', revision: '8a8aea2337'
System info: os.name: 'Windows 11', os.arch: 'amd64', os.version: '10.0', java.version: '17.0.10'
Driver info: io.appium.java_client.android.AndroidDriver
Command: [56330c01-867e-4148-9735-a258a37750c6, findElement {using=xpath, value=//android.widget.TextView[@content-desc='Views']}]
Capabilities {appium:appActivity: io.appium.android.apis.ApiD..., appium:appPackage: io.appium.android.apis, appium:automationName: uiautomator2, appium:databaseEnabled: false, appium:desired: {appActivity: io.appium.android.apis.ApiD..., appPackage: io.appium.android.apis, automationName: uiautomator2, deviceName: SM-M145F, platformName: ANDROID, udid: 192.168.241.190:35583}, appium:deviceApiLevel: 34, appium:deviceManufacturer: samsung, appium:deviceModel: SM-M145F, appium:deviceName: 192.168.241.190:35583, appium:deviceScreenDensity: 450, appium:deviceScreenSize: 1080x2400, appium:deviceUDID: 192.168.241.190:35583, appium:javascriptEnabled: true, appium:locationContextEnabled: false, appium:networkConnectionEnabled: true, appium:pixelRatio: 2.8125, appium:platformVersion: 14, appium:statBarHeight: 73, appium:takesScreenshot: true, appium:udid: 192.168.241.190:35583, appium:viewportRect: {height: 2327, left: 0, top: 73, width: 1080}, appium:warnings: {}, appium:webStorageEnabled: false, platformName: ANDROID}
Session ID: 56330c01-867e-4148-9735-a258a37750c6
ERROR pomPages.BaseScreen - Failed to click on 'Controls': An element could not be located on the page using the given search parameters.
For documentation on this error, please visit: https://www.selenium.dev/documentation/webdriver/troubleshooting/errors#no-such-element-exception
Build info: version: '4.25.0', revision: '8a8aea2337'
System info: os.name: 'Windows 11', os.arch: 'amd64', os.version: '10.0', java.version: '17.0.10'
Driver info: io.appium.java_client.android.AndroidDriver
Command: [56330c01-867e-4148-9735-a258a37750c6, findElement {using=xpath, value=//android.widget.TextView[@content-desc='Controls']}]
Capabilities {appium:appActivity: io.appium.android.apis.ApiD..., appium:appPackage: io.appium.android.apis, appium:automationName: uiautomator2, appium:databaseEnabled: false, appium:desired: {appActivity: io.appium.android.apis.ApiD..., appPackage: io.appium.android.apis, automationName: uiautomator2, deviceName: SM-M145F, platformName: ANDROID, udid: 192.168.241.190:35583}, appium:deviceApiLevel: 34, appium:deviceManufacturer: samsung, appium:deviceModel: SM-M145F, appium:deviceName: 192.168.241.190:35583, appium:deviceScreenDensity: 450, appium:deviceScreenSize: 1080x2400, appium:deviceUDID: 192.168.241.190:35583, appium:javascriptEnabled: true, appium:locationContextEnabled: false, appium:networkConnectionEnabled: true, appium:pixelRatio: 2.8125, appium:platformVersion: 14, appium:statBarHeight: 73, appium:takesScreenshot: true, appium:udid: 192.168.241.190:35583, appium:viewportRect: {height: 2327, left: 0, top: 73, width: 1080}, appium:warnings: {}, appium:webStorageEnabled: false, platformName: ANDROID}
Session ID: 56330c01-867e-4148-9735-a258a37750c6
ERROR pomPages.BaseScreen - Failed to click on 'Light Theme': An element could not be located on the page using the given search parameters.
For documentation on this error, please visit: https://www.selenium.dev/documentation/webdriver/troubleshooting/errors#no-such-element-exception
Build info: version: '4.25.0', revision: '8a8aea2337'
System info: os.name: 'Windows 11', os.arch: 'amd64', os.version: '10.0', java.version: '17.0.10'
Driver info: io.appium.java_client.android.AndroidDriver
Command: [56330c01-867e-4148-9735-a258a37750c6, findElement {using=xpath, value=//android.widget.TextView[@content-desc='1. Light Theme']}]
Capabilities {appium:appActivity: io.appium.android.apis.ApiD..., appium:appPackage: io.appium.android.apis, appium:automationName: uiautomator2, appium:databaseEnabled: false, appium:desired: {appActivity: io.appium.android.apis.ApiD..., appPackage: io.appium.android.apis, automationName: uiautomator2, deviceName: SM-M145F, platformName: ANDROID, udid: 192.168.241.190:35583}, appium:deviceApiLevel: 34, appium:deviceManufacturer: samsung, appium:deviceModel: SM-M145F, appium:deviceName: 192.168.241.190:35583, appium:deviceScreenDensity: 450, appium:deviceScreenSize: 1080x2400, appium:deviceUDID: 192.168.241.190:35583, appium:javascriptEnabled: true, appium:locationContextEnabled: false, appium:networkConnectionEnabled: true, appium:pixelRatio: 2.8125, appium:platformVersion: 14, appium:statBarHeight: 73, appium:takesScreenshot: true, appium:udid: 192.168.241.190:35583, appium:viewportRect: {height: 2327, left: 0, top: 73, width: 1080}, appium:warnings: {}, appium:webStorageEnabled: false, platformName: ANDROID}
Session ID: 56330c01-867e-4148-9735-a258a37750c6
ERROR pomPages.BaseScreen - Failed to enter text into Light Theme input field: An element could not be located on the page using the given search parameters.
For documentation on this error, please visit: https://www.selenium.dev/documentation/webdriver/troubleshooting/errors#no-such-element-exception
Build info: version: '4.25.0', revision: '8a8aea2337'
System info: os.name: 'Windows 11', os.arch: 'amd64', os.version: '10.0', java.version: '17.0.10'
Driver info: io.appium.java_client.android.AndroidDriver
Command: [56330c01-867e-4148-9735-a258a37750c6, findElement {using=id, value=io.appium.android.apis:id/edit}]
Capabilities {appium:appActivity: io.appium.android.apis.ApiD..., appium:appPackage: io.appium.android.apis, appium:automationName: uiautomator2, appium:databaseEnabled: false, appium:desired: {appActivity: io.appium.android.apis.ApiD..., appPackage: io.appium.android.apis, automationName: uiautomator2, deviceName: SM-M145F, platformName: ANDROID, udid: 192.168.241.190:35583}, appium:deviceApiLevel: 34, appium:deviceManufacturer: samsung, appium:deviceModel: SM-M145F, appium:deviceName: 192.168.241.190:35583, appium:deviceScreenDensity: 450, appium:deviceScreenSize: 1080x2400, appium:deviceUDID: 192.168.241.190:35583, appium:javascriptEnabled: true, appium:locationContextEnabled: false, appium:networkConnectionEnabled: true, appium:pixelRatio: 2.8125, appium:platformVersion: 14, appium:statBarHeight: 73, appium:takesScreenshot: true, appium:udid: 192.168.241.190:35583, appium:viewportRect: {height: 2327, left: 0, top: 73, width: 1080}, appium:warnings: {}, appium:webStorageEnabled: false, platformName: ANDROID}
Session ID: 56330c01-867e-4148-9735-a258a37750c6
INFO  test.base.BaseTest - Quitting the session and closing app...
INFO  test.base.BaseTest - Preparing to launch the app...
ERROR test.base.BaseTest - Appium Server not started programmatically...
INFO  test.base.BaseTest - Launching app with sessionId : de9f2b43-6b4c-4d74-ba21-9d95a5494c1e
INFO  pomPages.BaseScreen - Clicked on 'Views'
INFO  pomPages.BaseScreen - Clicked on 'Animation'
INFO  pomPages.BaseScreen - Clicked on 'Push'
INFO  pomPages.BaseScreen - Clicked on 'Animation'
INFO  pomPages.BaseScreen - Clicked on 'Layout Animations'
INFO  pomPages.BaseScreen - Clicked on 'Views'
INFO  pomPages.BaseScreen - Clicked on 'Controls'
INFO  pomPages.BaseScreen - Clicked on 'Light Theme' under Controls
INFO  pomPages.BaseScreen - Entered text into the Light Theme input field: Hello World
INFO  test.base.BaseTest - Quitting the session and closing app...
INFO  test.base.BaseTest - Preparing to launch the app...
ERROR test.base.BaseTest - Appium Server not started programmatically...
INFO  test.base.BaseTest - Launching app with sessionId : a0a55cbe-8c7f-4039-afb7-dce443f1abe3
INFO  pomPages.BaseScreen - Clicked on 'Views'
ERROR pomPages.BaseScreen - Failed to click on 'Push': Expected condition failed: waiting for element to be clickable: Proxy element for: DefaultElementLocator 'By.xpath: //android.widget.TextView[@text='Push']' (tried for 15 second(s) with 500 milliseconds interval)
ERROR test.base.BaseTest - Test case failed: Expected condition failed: waiting for element to be clickable: Proxy element for: DefaultElementLocator 'By.xpath: //android.widget.TextView[@text='Push']' (tried for 15 second(s) with 500 milliseconds interval)
INFO  test.base.BaseTest - Screenshot taken: Screenshots/testNavigateToViewsAndInteract_13-10-2024_10.57.57 am.png
INFO  test.base.BaseTest - Quitting the session and closing app...
INFO  test.base.BaseTest - Preparing to launch the app...
ERROR test.base.BaseTest - Appium Server not started programmatically...
INFO  test.base.BaseTest - Launching app with sessionId : 86d0d79a-315f-4358-8f4d-5e86fca31239
INFO  pomPages.BaseScreen - Clicked on 'Views'
INFO  pomPages.BaseScreen - Clicked on 'Animation'
INFO  pomPages.BaseScreen - Clicked on 'Push'
INFO  pomPages.BaseScreen - Clicked on 'Animation'
INFO  pomPages.BaseScreen - Clicked on 'Layout Animations'
INFO  pomPages.BaseScreen - Clicked on 'Views'
INFO  pomPages.BaseScreen - Clicked on 'Controls'
INFO  pomPages.BaseScreen - Clicked on 'Light Theme' under Controls
INFO  pomPages.BaseScreen - Entered text into the Light Theme input field: Hello World
INFO  test.base.BaseTest - Quitting the session and closing app...
INFO  test.base.BaseTest - Preparing to launch the app...
ERROR test.base.BaseTest - Appium Server not started programmatically...
INFO  test.base.BaseTest - Launching app with sessionId : aac6c9af-1a66-4121-848e-8160fce710f4
INFO  test.base.BaseTest - Preparing to launch the app...
ERROR test.base.BaseTest - Appium Server not started programmatically...
INFO  test.base.BaseTest - Launching app with sessionId : 50f45ce3-4f41-41b9-a899-f384cff78265
INFO  pomPages.BaseScreen - Clicked on 'Views'
ERROR pomPages.BaseScreen - Failed to click on 'Push': Expected condition failed: waiting for element to be clickable: Proxy element for: DefaultElementLocator 'By.xpath: //android.widget.TextView[@text='Push']' (tried for 15 second(s) with 500 milliseconds interval)
ERROR test.base.BaseTest - Test case failed: Expected condition failed: waiting for element to be clickable: Proxy element for: DefaultElementLocator 'By.xpath: //android.widget.TextView[@text='Push']' (tried for 15 second(s) with 500 milliseconds interval)
INFO  test.base.RetryAnalyzer - Retrying test: testNavigateToViewsAndInteract for the 1 time.

ERROR pomPages.BaseScreen - Failed to click on 'Views': Expected condition failed: waiting for element to be clickable: Proxy element for: DefaultElementLocator 'By.xpath: //android.widget.TextView[@content-desc='Views']' (tried for 15 second(s) with 500 milliseconds interval)
ERROR test.base.BaseTest - Test case failed: Expected condition failed: waiting for element to be clickable: Proxy element for: DefaultElementLocator 'By.xpath: //android.widget.TextView[@content-desc='Views']' (tried for 15 second(s) with 500 milliseconds interval)
INFO  test.base.BaseTest - Screenshot taken: Screenshots/testNavigateToViewsAndInteract_13-10-2024_11.04.46 am.png
INFO  test.base.BaseTest - Quitting the session and closing app...
INFO  test.base.BaseTest - Preparing to launch the app...
ERROR test.base.BaseTest - Appium Server not started programmatically...
INFO  test.base.BaseTest - Launching app with sessionId : 1685e831-bf60-4ee4-b8c0-1eba30c25b8b
INFO  pomPages.BaseScreen - Clicked on 'Views'
ERROR pomPages.BaseScreen - Failed to click on 'Push': Expected condition failed: waiting for element to be clickable: Proxy element for: DefaultElementLocator 'By.xpath: //android.widget.TextView[@text='Push']' (tried for 15 second(s) with 500 milliseconds interval)
ERROR test.base.BaseTest - Test case failed: Expected condition failed: waiting for element to be clickable: Proxy element for: DefaultElementLocator 'By.xpath: //android.widget.TextView[@text='Push']' (tried for 15 second(s) with 500 milliseconds interval)
INFO  test.base.RetryAnalyzer - Retrying test: testNavigateToViewsAndInteract for the 1 time.

INFO  test.base.BaseTest - Quitting the session and closing app...
INFO  test.base.BaseTest - Preparing to launch the app...
ERROR test.base.BaseTest - Appium Server not started programmatically...
INFO  test.base.BaseTest - Launching app with sessionId : 165ef5b8-5f78-4628-a451-6a1f5ff71452
INFO  pomPages.BaseScreen - Clicked on 'Views'
ERROR pomPages.BaseScreen - Failed to click on 'Push': Expected condition failed: waiting for element to be clickable: Proxy element for: DefaultElementLocator 'By.xpath: //android.widget.TextView[@text='Push']' (tried for 15 second(s) with 500 milliseconds interval)
ERROR test.base.BaseTest - Test case failed: Expected condition failed: waiting for element to be clickable: Proxy element for: DefaultElementLocator 'By.xpath: //android.widget.TextView[@text='Push']' (tried for 15 second(s) with 500 milliseconds interval)
INFO  test.base.BaseTest - Screenshot taken: Screenshots/testNavigateToViewsAndInteract_13-10-2024_11.06.52 am.png
INFO  test.base.BaseTest - Quitting the session and closing app...
INFO  test.base.BaseTest - Preparing to launch the app...
ERROR test.base.BaseTest - Appium Server not started programmatically...
INFO  test.base.BaseTest - Launching app with sessionId : 24f4cc45-1a2a-4cd6-9d11-6d7e7884d934
INFO  pomPages.BaseScreen - Clicked on 'Views'
ERROR pomPages.BaseScreen - Failed to click on 'Push': Expected condition failed: waiting for element to be clickable: Proxy element for: DefaultElementLocator 'By.xpath: //android.widget.TextView[@text='Push']' (tried for 15 second(s) with 500 milliseconds interval)
ERROR test.base.BaseTest - Test case failed: Expected condition failed: waiting for element to be clickable: Proxy element for: DefaultElementLocator 'By.xpath: //android.widget.TextView[@text='Push']' (tried for 15 second(s) with 500 milliseconds interval)
INFO  test.base.RetryAnalyzer - Attempting retry for test: testNavigateToViewsAndInteract, Current retry count: 0, Test status: FAILURE
INFO  test.base.RetryAnalyzer - Retrying test: testNavigateToViewsAndInteract for the 1 time.
INFO  test.base.BaseTest - Quitting the session and closing app...
INFO  test.base.BaseTest - Preparing to launch the app...
ERROR test.base.BaseTest - Appium Server not started programmatically...
INFO  test.base.BaseTest - Launching app with sessionId : 742bb1e0-7263-44c2-be80-d8b26b6f089a
INFO  pomPages.BaseScreen - Clicked on 'Views'
ERROR pomPages.BaseScreen - Failed to click on 'Push': Expected condition failed: waiting for element to be clickable: Proxy element for: DefaultElementLocator 'By.xpath: //android.widget.TextView[@text='Push']' (tried for 15 second(s) with 500 milliseconds interval)
ERROR test.base.BaseTest - Test case failed: Expected condition failed: waiting for element to be clickable: Proxy element for: DefaultElementLocator 'By.xpath: //android.widget.TextView[@text='Push']' (tried for 15 second(s) with 500 milliseconds interval)
INFO  test.base.RetryAnalyzer - Attempting retry for test: testNavigateToViewsAndInteract, Current retry count: 1, Test status: FAILURE
INFO  test.base.RetryAnalyzer - Test: testNavigateToViewsAndInteract reached max retry count. Marking as failed.
INFO  test.base.BaseTest - Screenshot taken: Screenshots/testNavigateToViewsAndInteract_13-10-2024_11.13.39 am.png
INFO  test.base.BaseTest - Quitting the session and closing app...
INFO  test.base.BaseTest - Preparing to launch the app...
ERROR test.base.BaseTest - Appium Server not started programmatically...
INFO  test.base.BaseTest - Launching app with sessionId : 72dbca1d-4231-4ec2-a5b8-8b8ba4a21f80
INFO  pomPages.BaseScreen - Clicked on 'Views'
ERROR pomPages.BaseScreen - Failed to click on 'Push': Expected condition failed: waiting for element to be clickable: Proxy element for: DefaultElementLocator 'By.xpath: //android.widget.TextView[@text='Push']' (tried for 15 second(s) with 500 milliseconds interval)
ERROR test.base.BaseTest - Test case failed: Expected condition failed: waiting for element to be clickable: Proxy element for: DefaultElementLocator 'By.xpath: //android.widget.TextView[@text='Push']' (tried for 15 second(s) with 500 milliseconds interval)
INFO  test.base.RetryAnalyzer - Retrying test: testNavigateToViewsAndInteract for the 1 time.

INFO  test.base.BaseTest - Quitting the session and closing app...
INFO  test.base.BaseTest - Preparing to launch the app...
ERROR test.base.BaseTest - Appium Server not started programmatically...
INFO  test.base.BaseTest - Launching app with sessionId : 7ad80e1d-073c-46b9-ba2d-1ca6b601ac90
INFO  pomPages.BaseScreen - Clicked on 'Views'
ERROR pomPages.BaseScreen - Failed to click on 'Push': Expected condition failed: waiting for element to be clickable: Proxy element for: DefaultElementLocator 'By.xpath: //android.widget.TextView[@text='Push']' (tried for 15 second(s) with 500 milliseconds interval)
ERROR test.base.BaseTest - Test case failed: Expected condition failed: waiting for element to be clickable: Proxy element for: DefaultElementLocator 'By.xpath: //android.widget.TextView[@text='Push']' (tried for 15 second(s) with 500 milliseconds interval)
INFO  test.base.BaseTest - Screenshot taken: Screenshots/testNavigateToViewsAndInteract_13-10-2024_11.23.01 am.png
INFO  test.base.BaseTest - Quitting the session and closing app...
INFO  test.base.BaseTest - Preparing to launch the app...
ERROR test.base.BaseTest - Appium Server not started programmatically...
INFO  test.base.BaseTest - Launching app with sessionId : 6b033dba-7815-45bd-b12d-9a0bc952d67d
INFO  pomPages.BaseScreen - Clicked on 'Views'
ERROR pomPages.BaseScreen - Failed to click on 'Push': Expected condition failed: waiting for element to be clickable: Proxy element for: DefaultElementLocator 'By.xpath: //android.widget.TextView[@text='Push']' (tried for 15 second(s) with 500 milliseconds interval)
ERROR test.base.BaseTest - Test case failed: Expected condition failed: waiting for element to be clickable: Proxy element for: DefaultElementLocator 'By.xpath: //android.widget.TextView[@text='Push']' (tried for 15 second(s) with 500 milliseconds interval)
INFO  test.base.RetryAnalyzer - Retrying test: testNavigateToViewsAndInteract for the 1 time.

INFO  test.base.BaseTest - Quitting the session and closing app...
INFO  test.base.BaseTest - Preparing to launch the app...
ERROR test.base.BaseTest - Appium Server not started programmatically...
INFO  test.base.BaseTest - Launching app with sessionId : 11eac71b-332a-47e5-86cf-c3a8624d7bf5
INFO  pomPages.BaseScreen - Clicked on 'Views'
ERROR pomPages.BaseScreen - Failed to click on 'Push': Expected condition failed: waiting for element to be clickable: Proxy element for: DefaultElementLocator 'By.xpath: //android.widget.TextView[@text='Push']' (tried for 15 second(s) with 500 milliseconds interval)
ERROR test.base.BaseTest - Test case failed: Expected condition failed: waiting for element to be clickable: Proxy element for: DefaultElementLocator 'By.xpath: //android.widget.TextView[@text='Push']' (tried for 15 second(s) with 500 milliseconds interval)
INFO  test.base.BaseTest - Screenshot taken: Screenshots/testNavigateToViewsAndInteract_13-10-2024_11.26.27 am.png
INFO  test.base.BaseTest - Quitting the session and closing app...
INFO  test.base.BaseTest - Preparing to launch the app...
ERROR test.base.BaseTest - Appium Server not started programmatically...
INFO  test.base.BaseTest - Launching app with sessionId : 8ffcefe0-5f7b-4ca9-8990-71b7748f56ef
INFO  pomPages.BaseScreen - Clicked on 'Views'
ERROR pomPages.BaseScreen - Failed to click on 'Push': Expected condition failed: waiting for element to be clickable: Proxy element for: DefaultElementLocator 'By.xpath: //android.widget.TextView[@text='Push']' (tried for 15 second(s) with 500 milliseconds interval)
ERROR test.base.BaseTest - Test case failed: Expected condition failed: waiting for element to be clickable: Proxy element for: DefaultElementLocator 'By.xpath: //android.widget.TextView[@text='Push']' (tried for 15 second(s) with 500 milliseconds interval)
INFO  test.base.RetryAnalyzer - Attempting retry for test: testNavigateToViewsAndInteract, Current retry count: 0, Test status: FAILURE
INFO  test.base.RetryAnalyzer - Retrying test: testNavigateToViewsAndInteract for the 1 time.
INFO  test.base.BaseTest - Quitting the session and closing app...
INFO  test.base.BaseTest - Preparing to launch the app...
ERROR test.base.BaseTest - Appium Server not started programmatically...
INFO  test.base.BaseTest - Launching app with sessionId : d29e5de7-74bc-4019-81e1-5ba2ba89b6fd
INFO  pomPages.BaseScreen - Clicked on 'Views'
ERROR pomPages.BaseScreen - Failed to click on 'Push': Expected condition failed: waiting for element to be clickable: Proxy element for: DefaultElementLocator 'By.xpath: //android.widget.TextView[@text='Push']' (tried for 15 second(s) with 500 milliseconds interval)
ERROR test.base.BaseTest - Test case failed: Expected condition failed: waiting for element to be clickable: Proxy element for: DefaultElementLocator 'By.xpath: //android.widget.TextView[@text='Push']' (tried for 15 second(s) with 500 milliseconds interval)
INFO  test.base.RetryAnalyzer - Attempting retry for test: testNavigateToViewsAndInteract, Current retry count: 1, Test status: FAILURE
INFO  test.base.RetryAnalyzer - Test: testNavigateToViewsAndInteract reached max retry count. Marking as failed.
INFO  test.base.BaseTest - Screenshot taken: Screenshots/testNavigateToViewsAndInteract_13-10-2024_11.30.18 am.png
INFO  test.base.BaseTest - Quitting the session and closing app...
INFO  test.base.BaseTest - Preparing to launch the app...
ERROR test.base.BaseTest - Appium Server not started programmatically...
INFO  test.base.BaseTest - Launching app with sessionId : 6e377501-d505-4293-8ea1-a90926e48440
INFO  pomPages.BaseScreen - Clicked on 'Views'
INFO  pomPages.BaseScreen - Clicked on 'Animation'
INFO  pomPages.BaseScreen - Clicked on 'Push'
INFO  pomPages.BaseScreen - Clicked on 'Animation'
INFO  pomPages.BaseScreen - Clicked on 'Layout Animations'
INFO  pomPages.BaseScreen - Clicked on 'Views'
INFO  pomPages.BaseScreen - Clicked on 'Controls'
INFO  pomPages.BaseScreen - Clicked on 'Light Theme' under Controls
INFO  pomPages.BaseScreen - Entered text into the Light Theme input field: Hello World
INFO  test.base.BaseTest - Quitting the session and closing app...
INFO  test.base.BaseTest - Preparing to launch the app...
ERROR test.base.BaseTest - Appium Server not started programmatically...
INFO  test.base.BaseTest - Launching app with sessionId : ce8653b8-647c-43a9-9e66-0c9faf1691d3
INFO  pomPages.BaseScreen - Clicked on 'Views'
INFO  test.base.BaseTest - Quitting the session and closing app...
INFO  test.base.BaseTest - Preparing to launch the app...
ERROR test.base.BaseTest - Appium Server not started programmatically...
INFO  test.base.BaseTest - Launching app with sessionId : e4fcfe76-24c9-45a3-952d-7aef7456b1db
INFO  pomPages.BaseScreen - Clicked on 'Views'
INFO  test.base.BaseTest - Quitting the session and closing app...
INFO  test.base.BaseTest - Preparing to launch the app...
ERROR test.base.BaseTest - Appium Server not started programmatically...
INFO  test.base.BaseTest - Launching app with sessionId : 0f13766e-233c-434c-b60f-2ba5545e44ca
INFO  pomPages.BaseScreen - Clicked on 'Views'
INFO  test.base.BaseTest - Quitting the session and closing app...
INFO  test.base.BaseTest - Preparing to launch the app...
ERROR test.base.BaseTest - Appium Server not started programmatically...
INFO  test.base.BaseTest - Launching app with sessionId : fa9b7366-e95c-4077-8075-b85de7336dbe
INFO  pomPages.BaseScreen - Clicked on 'Views'
INFO  test.base.BaseTest - Quitting the session and closing app...
INFO  test.base.BaseTest - Preparing to launch the app...
ERROR test.base.BaseTest - Appium Server not started programmatically...
INFO  test.base.BaseTest - Launching app with sessionId : a9d02b25-44aa-4e2d-9065-e198353ad86e
INFO  pomPages.BaseScreen - Clicked on 'Views'
INFO  test.base.BaseTest - Quitting the session and closing app...
INFO  test.base.BaseTest - Preparing to launch the app...
ERROR test.base.BaseTest - Appium Server not started programmatically...
INFO  test.base.BaseTest - Launching app with sessionId : 8c418cbb-0f40-491d-8169-60c00ff77a1e
INFO  pomPages.BaseScreen - Clicked on 'Views'
INFO  test.base.BaseTest - Quitting the session and closing app...
INFO  test.base.BaseTest - Preparing to launch the app...
ERROR test.base.BaseTest - Appium Server not started programmatically...
INFO  test.base.BaseTest - Launching app with sessionId : 06ea40c3-ec4c-49a1-81f6-f82bb2509081
INFO  pomPages.BaseScreen - Clicked on 'Views'
INFO  test.base.BaseTest - Quitting the session and closing app...
INFO  test.base.BaseTest - Preparing to launch the app...
ERROR test.base.BaseTest - Appium Server not started programmatically...
INFO  test.base.BaseTest - Preparing to launch the app...
ERROR test.base.BaseTest - Appium Server not started programmatically...
INFO  test.base.BaseTest - Preparing to launch the app...
ERROR test.base.BaseTest - Appium Server not started programmatically...
INFO  test.base.BaseTest - Preparing to launch the app...
ERROR test.base.BaseTest - Appium Server not started programmatically...
INFO  test.base.BaseTest - Launching app with sessionId : 160772a4-25fe-4fd5-bbaa-25afe50c6e84
INFO  pomPages.BaseScreen - Clicked on 'Views'
INFO  test.base.BaseTest - Quitting the session and closing app...
INFO  test.base.BaseTest - Preparing to launch the app...
ERROR test.base.BaseTest - Appium Server not started programmatically...
INFO  test.base.BaseTest - Launching app with sessionId : c34a279d-f1c2-4b70-b534-b4b4c06eba93
INFO  pomPages.BaseScreen - Clicked on 'Views'
INFO  test.base.BaseTest - Quitting the session and closing app...
INFO  test.base.BaseTest - Preparing to launch the app...
ERROR test.base.BaseTest - Appium Server not started programmatically...
INFO  test.base.BaseTest - Launching app with sessionId : 4e8845b1-0ab7-4ab5-9d33-0b5360ff9f18
INFO  pomPages.BaseScreen - Clicked on 'Views'
INFO  test.base.BaseTest - Quitting the session and closing app...
INFO  test.base.BaseTest - Preparing to launch the app...
ERROR test.base.BaseTest - Appium Server not started programmatically...
INFO  test.base.BaseTest - Preparing to launch the app...
ERROR test.base.BaseTest - Appium Server not started programmatically...
INFO  test.base.BaseTest - Preparing to launch the app...
ERROR test.base.BaseTest - Appium Server not started programmatically...
INFO  test.base.BaseTest - Launching app with sessionId : 48aa307e-e7c6-457c-8422-fd8c91faaa42
INFO  pomPages.BaseScreen - Clicked on 'Views'
INFO  test.base.BaseTest - Quitting the session and closing app...
INFO  test.base.BaseTest - Preparing to launch the app...
ERROR test.base.BaseTest - Appium Server not started programmatically...
INFO  test.base.BaseTest - Launching app with sessionId : 6fabbe9b-e698-44bf-b652-fffd4e13d3a6
INFO  pomPages.BaseScreen - Clicked on 'Views'
INFO  test.base.BaseTest - Quitting the session and closing app...
INFO  test.base.BaseTest - Preparing to launch the app...
ERROR test.base.BaseTest - Appium Server not started programmatically...
INFO  test.base.BaseTest - Launching app with sessionId : 8e8276dd-c8eb-43ec-b5f2-861f9a09b090
INFO  pomPages.BaseScreen - Clicked on 'Views'
INFO  test.base.BaseTest - Quitting the session and closing app...
INFO  test.base.BaseTest - Preparing to launch the app...
ERROR test.base.BaseTest - Appium Server not started programmatically...
INFO  test.base.BaseTest - Launching app with sessionId : db333ec8-df26-4743-9eb6-5b2526ee4777
INFO  pomPages.BaseScreen - Clicked on 'Views'
INFO  test.base.BaseTest - Quitting the session and closing app...
INFO  test.base.BaseTest - Preparing to launch the app...
ERROR test.base.BaseTest - Appium Server not started programmatically...
INFO  test.base.BaseTest - Launching app with sessionId : a23a9cc8-5f07-4296-81ba-e13304a03e1b
INFO  pomPages.BaseScreen - Clicked on 'Views'
INFO  test.base.BaseTest - Quitting the session and closing app...
INFO  test.base.BaseTest - Preparing to launch the app...
ERROR test.base.BaseTest - Appium Server not started programmatically...
INFO  test.base.BaseTest - Launching app with sessionId : ecf10ec7-9bcf-4a9d-b84f-41f5356bc294
INFO  pomPages.BaseScreen - Clicked on 'Views'
INFO  test.base.BaseTest - Quitting the session and closing app...
INFO  test.base.BaseTest - Preparing to launch the app...
ERROR test.base.BaseTest - Appium Server not started programmatically...
INFO  test.base.BaseTest - Launching app with sessionId : 0a50621b-889b-4840-a468-de65953d3572
INFO  pomPages.BaseScreen - Clicked on 'Views'
INFO  test.base.BaseTest - Quitting the session and closing app...
INFO  test.base.BaseTest - Preparing to launch the app...
ERROR test.base.BaseTest - Appium Server not started programmatically...
INFO  test.base.BaseTest - Launching app with sessionId : c18e354b-8e2d-4f2c-99db-a7f53997a0d2
INFO  pomPages.BaseScreen - Clicked on 'Views'
INFO  test.base.BaseTest - Quitting the session and closing app...
INFO  test.base.BaseTest - Preparing to launch the app...
ERROR test.base.BaseTest - Appium Server not started programmatically...
INFO  test.base.BaseTest - Launching app with sessionId : 0231fc11-7333-4888-b510-b64a994227a3
INFO  pomPages.BaseScreen - Clicked on 'Views'
INFO  test.base.BaseTest - performed vertical scroll
INFO  test.base.BaseTest - Quitting the session and closing app...
INFO  test.base.BaseTest - Preparing to launch the app...
ERROR test.base.BaseTest - Appium Server not started programmatically...
INFO  test.base.BaseTest - Launching app with sessionId : ec24bcb7-570d-4cfc-9b97-7e9e0fa3f9c7
INFO  pomPages.BaseScreen - Clicked on 'Views'
INFO  test.base.BaseTest - performed vertical scroll
INFO  test.base.BaseTest - Quitting the session and closing app...
INFO  test.base.BaseTest - Preparing to launch the app...
ERROR test.base.BaseTest - Appium Server not started programmatically...
INFO  test.base.BaseTest - Launching app with sessionId : e2ad1755-66a4-4d83-81f8-5b746a01c2ad
INFO  pomPages.BaseScreen - Clicked on 'Views'
INFO  test.base.BaseTest - performed vertical scroll
INFO  test.base.BaseTest - Quitting the session and closing app...
INFO  test.base.BaseTest - Preparing to launch the app...
ERROR test.base.BaseTest - Appium Server not started programmatically...
INFO  test.base.BaseTest - Launching app with sessionId : 55f155fd-9e70-4686-ba2f-7fc1eeaa0407
ERROR pomPages.BaseScreen - Failed to click on 'API Demos': Expected condition failed: waiting for element to be clickable: Proxy element for: DefaultElementLocator 'By.xpath: //android.widget.TextView[@content-desc='API Demos']' (tried for 15 second(s) with 500 milliseconds interval)
ERROR test.base.BaseTest - Test case failed: Expected condition failed: waiting for element to be clickable: Proxy element for: DefaultElementLocator 'By.xpath: //android.widget.TextView[@content-desc='API Demos']' (tried for 15 second(s) with 500 milliseconds interval)
INFO  test.base.RetryAnalyzer - Attempting retry for test: testApiDemoInteractions, Current retry count: 0, Test status: FAILURE
INFO  test.base.RetryAnalyzer - Retrying test: testApiDemoInteractions for the 1 time.
INFO  test.base.BaseTest - Quitting the session and closing app...
INFO  test.base.BaseTest - Preparing to launch the app...
ERROR test.base.BaseTest - Appium Server not started programmatically...
INFO  test.base.BaseTest - Launching app with sessionId : a25565e4-8aaa-4515-a4e9-48fb466038ae
ERROR pomPages.BaseScreen - Failed to click on 'API Demos': Expected condition failed: waiting for element to be clickable: Proxy element for: DefaultElementLocator 'By.xpath: //android.widget.TextView[@content-desc='API Demos']' (tried for 15 second(s) with 500 milliseconds interval)
ERROR test.base.BaseTest - Test case failed: Expected condition failed: waiting for element to be clickable: Proxy element for: DefaultElementLocator 'By.xpath: //android.widget.TextView[@content-desc='API Demos']' (tried for 15 second(s) with 500 milliseconds interval)
INFO  test.base.RetryAnalyzer - Attempting retry for test: testApiDemoInteractions, Current retry count: 1, Test status: FAILURE
INFO  test.base.RetryAnalyzer - Test: testApiDemoInteractions reached max retry count. Marking as failed.
INFO  test.base.BaseTest - Quitting the session and closing app...
INFO  test.base.BaseTest - Preparing to launch the app...
ERROR test.base.BaseTest - Appium Server not started programmatically...
INFO  test.base.BaseTest - Launching app with sessionId : 009237a5-f0cc-4c67-847f-a5ab72b65bde
INFO  pomPages.BaseScreen - Clicked on 'Preference'
INFO  pomPages.BaseScreen - Clicked on 'Preference dependencies'
ERROR pomPages.BaseScreen - Failed to enter text into input field: Expected condition failed: waiting for visibility of Proxy element for: DefaultElementLocator 'By.id: android:id/edit' (tried for 15 second(s) with 500 milliseconds interval)
ERROR test.base.BaseTest - Test case failed: Expected condition failed: waiting for visibility of Proxy element for: DefaultElementLocator 'By.id: android:id/edit' (tried for 15 second(s) with 500 milliseconds interval)
INFO  test.base.RetryAnalyzer - Attempting retry for test: testApiDemoInteractions, Current retry count: 0, Test status: FAILURE
INFO  test.base.RetryAnalyzer - Retrying test: testApiDemoInteractions for the 1 time.
INFO  test.base.BaseTest - Quitting the session and closing app...
INFO  test.base.BaseTest - Preparing to launch the app...
ERROR test.base.BaseTest - Appium Server not started programmatically...
INFO  test.base.BaseTest - Preparing to launch the app...
ERROR test.base.BaseTest - Appium Server not started programmatically...
INFO  test.base.BaseTest - Launching app with sessionId : 1dba27a4-0a5f-4411-848d-979c30b73d00
INFO  pomPages.BaseScreen - Clicked on 'Views'
INFO  pomPages.BaseScreen - Clicked on 'Controls'
ERROR pomPages.BaseScreen - Failed to click on 'Switches': Expected condition failed: waiting for element to be clickable: Proxy element for: DefaultElementLocator 'By.xpath: //android.widget.TextView[@content-desc='Switches']' (tried for 15 second(s) with 500 milliseconds interval)
ERROR test.base.BaseTest - Test case failed: Expected condition failed: waiting for element to be clickable: Proxy element for: DefaultElementLocator 'By.xpath: //android.widget.TextView[@content-desc='Switches']' (tried for 15 second(s) with 500 milliseconds interval)
INFO  test.base.RetryAnalyzer - Attempting retry for test: testApiDemoSwitchInteraction, Current retry count: 0, Test status: FAILURE
INFO  test.base.RetryAnalyzer - Retrying test: testApiDemoSwitchInteraction for the 1 time.
INFO  test.base.BaseTest - Quitting the session and closing app...
INFO  test.base.BaseTest - Preparing to launch the app...
ERROR test.base.BaseTest - Appium Server not started programmatically...
INFO  test.base.BaseTest - Launching app with sessionId : 6b5b7d38-8f44-43f3-a255-e6d34da2c6b8
ERROR pomPages.BaseScreen - Failed to click on 'Views': androidx.test.uiautomator.StaleObjectException
For documentation on this error, please visit: https://www.selenium.dev/documentation/webdriver/troubleshooting/errors#stale-element-reference-exception
Build info: version: '4.25.0', revision: '8a8aea2337'
System info: os.name: 'Windows 11', os.arch: 'amd64', os.version: '10.0', java.version: '17.0.10'
Driver info: io.appium.java_client.android.AndroidDriver
Command: [6b5b7d38-8f44-43f3-a255-e6d34da2c6b8, isElementDisplayed {id=00000000-0000-0373-ffff-ffff00000014}]
Capabilities {appium:appActivity: io.appium.android.apis.ApiD..., appium:appPackage: io.appium.android.apis, appium:automationName: uiautomator2, appium:databaseEnabled: false, appium:desired: {appActivity: io.appium.android.apis.ApiD..., appPackage: io.appium.android.apis, automationName: uiautomator2, deviceName: SM-M145F, platformName: ANDROID, udid: 192.168.241.190:45957}, appium:deviceApiLevel: 34, appium:deviceManufacturer: samsung, appium:deviceModel: SM-M145F, appium:deviceName: 192.168.241.190:45957, appium:deviceScreenDensity: 450, appium:deviceScreenSize: 1080x2400, appium:deviceUDID: 192.168.241.190:45957, appium:javascriptEnabled: true, appium:locationContextEnabled: false, appium:networkConnectionEnabled: true, appium:pixelRatio: 2.8125, appium:platformVersion: 14, appium:statBarHeight: 73, appium:takesScreenshot: true, appium:udid: 192.168.241.190:45957, appium:viewportRect: {height: 2327, left: 0, top: 73, width: 1080}, appium:warnings: {}, appium:webStorageEnabled: false, platformName: ANDROID}
Element: [[AndroidDriver:  on ANDROID (6b5b7d38-8f44-43f3-a255-e6d34da2c6b8)] -> xpath: //android.widget.TextView[@content-desc='Views']]
Session ID: 6b5b7d38-8f44-43f3-a255-e6d34da2c6b8
ERROR test.base.BaseTest - Test case failed: androidx.test.uiautomator.StaleObjectException
For documentation on this error, please visit: https://www.selenium.dev/documentation/webdriver/troubleshooting/errors#stale-element-reference-exception
Build info: version: '4.25.0', revision: '8a8aea2337'
System info: os.name: 'Windows 11', os.arch: 'amd64', os.version: '10.0', java.version: '17.0.10'
Driver info: io.appium.java_client.android.AndroidDriver
Command: [6b5b7d38-8f44-43f3-a255-e6d34da2c6b8, isElementDisplayed {id=00000000-0000-0373-ffff-ffff00000014}]
Capabilities {appium:appActivity: io.appium.android.apis.ApiD..., appium:appPackage: io.appium.android.apis, appium:automationName: uiautomator2, appium:databaseEnabled: false, appium:desired: {appActivity: io.appium.android.apis.ApiD..., appPackage: io.appium.android.apis, automationName: uiautomator2, deviceName: SM-M145F, platformName: ANDROID, udid: 192.168.241.190:45957}, appium:deviceApiLevel: 34, appium:deviceManufacturer: samsung, appium:deviceModel: SM-M145F, appium:deviceName: 192.168.241.190:45957, appium:deviceScreenDensity: 450, appium:deviceScreenSize: 1080x2400, appium:deviceUDID: 192.168.241.190:45957, appium:javascriptEnabled: true, appium:locationContextEnabled: false, appium:networkConnectionEnabled: true, appium:pixelRatio: 2.8125, appium:platformVersion: 14, appium:statBarHeight: 73, appium:takesScreenshot: true, appium:udid: 192.168.241.190:45957, appium:viewportRect: {height: 2327, left: 0, top: 73, width: 1080}, appium:warnings: {}, appium:webStorageEnabled: false, platformName: ANDROID}
Element: [[AndroidDriver:  on ANDROID (6b5b7d38-8f44-43f3-a255-e6d34da2c6b8)] -> xpath: //android.widget.TextView[@content-desc='Views']]
Session ID: 6b5b7d38-8f44-43f3-a255-e6d34da2c6b8
INFO  test.base.RetryAnalyzer - Attempting retry for test: testApiDemoSwitchInteraction, Current retry count: 1, Test status: FAILURE
INFO  test.base.RetryAnalyzer - Test: testApiDemoSwitchInteraction reached max retry count. Marking as failed.
INFO  test.base.BaseTest - Quitting the session and closing app...
INFO  test.base.BaseTest - Preparing to launch the app...
ERROR test.base.BaseTest - Appium Server not started programmatically...
INFO  test.base.BaseTest - Launching app with sessionId : ae3d17f3-67e2-4358-be21-30d4927991a6
INFO  pomPages.BaseScreen - Clicked on 'Views'
INFO  pomPages.BaseScreen - Clicked on 'Controls'
INFO  pomPages.BaseScreen - Clicked on 'Light Theme'
INFO  pomPages.BaseScreen - Entered text in Light Theme input field: Hello World
INFO  test.base.BaseTest - Text validated successfully: Hello World
INFO  test.base.BaseTest - Quitting the session and closing app...
INFO  test.base.BaseTest - Preparing to launch the app...
ERROR test.base.BaseTest - Appium Server not started programmatically...
INFO  test.base.BaseTest - Preparing to launch the app...
ERROR test.base.BaseTest - Appium Server not started programmatically...
INFO  test.base.BaseTest - Launching app with sessionId : 4097d209-5d17-4f43-810a-54a72bbf2591
INFO  pomPages.BaseScreen - Clicked on 'Views'
INFO  pomPages.BaseScreen - Clicked on 'Animation'
INFO  pomPages.BaseScreen - Clicked on 'Push'
INFO  pomPages.BaseScreen - Clicked on 'Animation'
INFO  pomPages.BaseScreen - Clicked on 'Layout Animations'
INFO  pomPages.BaseScreen - Clicked on 'Views'
INFO  pomPages.BaseScreen - Clicked on 'Controls'
INFO  pomPages.BaseScreen - Clicked on 'Light Theme' under Controls
INFO  pomPages.BaseScreen - Entered text into the Light Theme input field: Hello World
INFO  test.base.BaseTest - Quitting the session and closing app...
INFO  test.base.BaseTest - Preparing to launch the app...
ERROR test.base.BaseTest - Appium Server not started programmatically...
INFO  test.base.BaseTest - Launching app with sessionId : 76c8e6f6-5b4b-4e87-8c07-16ab7b4706ce
INFO  pomPages.BaseScreen - Clicked on 'Views'
INFO  pomPages.BaseScreen - Clicked on 'Animation'
INFO  pomPages.BaseScreen - Clicked on 'Push'
INFO  test.base.BaseTest - Preparing to launch the app...
INFO  test.base.BaseTest - Appium Server started programmatically...
INFO  test.base.BaseTest - Launching app with sessionId : 7c4b90ba-7577-4d84-a7f2-bc049e8c2278
ERROR pomPages.BaseScreen - Failed to click on 'Controls': Expected condition failed: waiting for element to be clickable: Proxy element for: DefaultElementLocator 'By.xpath: //android.widget.TextView[@content-desc='Controls']' (tried for 15 second(s) with 500 milliseconds interval)
